Base path: '/Applications/Unity/Hub/Editor/2019.3.3f1/Unity.app/Contents', plugins path '/Applications/Unity/Hub/Editor/2019.3.3f1/Unity.app/Contents/PlaybackEngines'
Cmd: initializeCompiler
Cmd: compileSnippet
  api=14 type=1 insize=1302 outsize=539 kw=UNITY_PASS_SHADOWCASTER SHADOWS_DEPTH pd=UNITY_ENABLE_REFLECTION_BUFFERS UNITY_USE_DITHER_MASK_FOR_ALPHABLENDED_SHADOWS UNITY_PBS_USE_BRDF1 UNITY_SPECCUBE_BOX_PROJECTION UNITY_SPECCUBE_BLENDING UNITY_ENABLE_DETAIL_NORMALMAP SHADER_API_DESKTOP UNITY_COLORSPACE_GAMMA UNITY_LIGHT_PROBE_PROXY_VOLUME UNITY_LIGHTMAP_FULL_HDR ok=1
Cmd: compileSnippet
  api=14 type=0 insize=1602 outsize=4151 kw=UNITY_PASS_FORWARDBASE DIRECTIONAL SHADOWS_SCREEN LIGHTPROBE_SH pd=UNITY_ENABLE_REFLECTION_BUFFERS UNITY_USE_DITHER_MASK_FOR_ALPHABLENDED_SHADOWS UNITY_PBS_USE_BRDF1 UNITY_SPECCUBE_BOX_PROJECTION UNITY_SPECCUBE_BLENDING UNITY_ENABLE_DETAIL_NORMALMAP SHADER_API_DESKTOP UNITY_COLORSPACE_GAMMA UNITY_LIGHT_PROBE_PROXY_VOLUME UNITY_LIGHTMAP_FULL_HDR ok=1
Cmd: compileComputeKernel
  error: 1 plat 14 at Shading.cginc(43): use of potentially uninitialized variable (eta)
  api=14 insize=3771 outsize=65003 ok=1
Cmd: compileComputeKernel
  error: 1 plat 14 at Shading.cginc(43): use of potentially uninitialized variable (eta)
  api=14 insize=3771 outsize=71915 ok=1
Cmd: translateComputeKernel
  api=14 insize=71915 outsize=161329 ok=1
Cmd: compileComputeKernel
  error: 1 plat 14 at Shading.cginc(43): use of potentially uninitialized variable (eta)
  api=14 insize=3771 outsize=78027 ok=1
Cmd: translateComputeKernel
  api=14 insize=78027 outsize=193595 ok=1
Cmd: translateComputeKernel
  api=14 insize=78027 outsize=193595 ok=1
Cmd: compileComputeKernel
  error: 1 plat 14 at Shading.cginc(41): use of potentially uninitialized variable (eta)
  api=14 insize=3771 outsize=78107 ok=1
Cmd: translateComputeKernel
  api=14 insize=78107 outsize=193383 ok=1
Cmd: compileComputeKernel
  error: 1 plat 14 at Shading.cginc(41): use of potentially uninitialized variable (eta)
  api=14 insize=3771 outsize=78083 ok=1
Cmd: translateComputeKernel
  api=14 insize=78083 outsize=193738 ok=1
Cmd: compileComputeKernel
  error: 2 plat 14 at Shading.cginc(41): 'abs': no matching 1 parameter intrinsic function; Possible intrinsic functions are: abs(float|half|double|min10float|min16float|int|uint|min12int|min16int|min16uint)
  error: 2 plat 14 at Shading.cginc(41): undeclared identifier 'entryDirection'
  api=14 insize=3771 outsize=0 ok=0
Cmd: compileComputeKernel
  error: 1 plat 14 at Shading.cginc(42): use of potentially uninitialized variable (eta)
  api=14 insize=3771 outsize=78027 ok=1
Cmd: translateComputeKernel
  api=14 insize=78027 outsize=193595 ok=1
Cmd: compileComputeKernel
  error: 1 plat 14 at Shading.cginc(43): use of potentially uninitialized variable (eta)
  api=14 insize=3771 outsize=78027 ok=1
Cmd: translateComputeKernel
  api=14 insize=78027 outsize=193595 ok=1
Cmd: compileComputeKernel
  api=14 insize=3771 outsize=78107 ok=1
Cmd: translateComputeKernel
  api=14 insize=78107 outsize=193243 ok=1
Cmd: translateComputeKernel
  api=14 insize=78107 outsize=193243 ok=1

Quitting shader compiler process
